<?xml version="1.0" encoding="UTF-8"?>
<!-- Generated by org.testng.reporters.JUnitXMLReporter -->
<testsuite ignored="0" hostname="DESKTOP-9ETLQV3" failures="0" tests="3" name="Default test" time="6.501" errors="0" timestamp="2022-06-29T14:12:00 EEST">
  <testcase classname="tests.A25_2_ClassAnotationsExample_spec" name="textExample1" time="1.23"/>
  <testcase classname="tests.A25_2_ClassAnotationsExample_spec" name="textExample2" time="1.136"/>
  <testcase classname="tests.A25_2_ClassAnotationsExample_spec" name="textExample3" time="1.045"/>
</testsuite> <!-- Default test -->
