<?xml version="1.0" encoding="UTF-8"?>
<testng-results ignored="0" total="1" passed="1" failed="0" skipped="0">
  <reporter-output>
  </reporter-output>
  <suite started-at="2025-10-29T18:06:24 EET" name="Default suite" finished-at="2025-10-29T18:06:27 EET" duration-ms="2196">
    <groups>
    </groups>
    <test started-at="2025-10-29T18:06:24 EET" name="Default test" finished-at="2025-10-29T18:06:27 EET" duration-ms="2196">
      <class name="tests.A01_StructureOfAutomationTest_spec">
        <test-method is-config="true" signature="setUp()[pri:0, instance:tests.A01_StructureOfAutomationTest_spec@5a2d131d]" started-at="2025-10-29T18:06:24 EET" name="setUp" finished-at="2025-10-29T18:06:26 EET" duration-ms="1900" status="PASS">
          <reporter-output>
          </reporter-output>
        </test-method> <!-- setUp -->
        <test-method signature="searchUsingGoogle()[pri:0, instance:tests.A01_StructureOfAutomationTest_spec@5a2d131d]" started-at="2025-10-29T18:06:26 EET" name="searchUsingGoogle" finished-at="2025-10-29T18:06:27 EET" duration-ms="151" status="PASS">
          <reporter-output>
          </reporter-output>
        </test-method> <!-- searchUsingGoogle -->
        <test-method is-config="true" signature="afterClass()[pri:0, instance:tests.A01_StructureOfAutomationTest_spec@5a2d131d]" started-at="2025-10-29T18:06:27 EET" name="afterClass" finished-at="2025-10-29T18:06:27 EET" duration-ms="120" status="PASS">
          <reporter-output>
          </reporter-output>
        </test-method> <!-- afterClass -->
      </class> <!-- tests.A01_StructureOfAutomationTest_spec -->
    </test> <!-- Default test -->
  </suite> <!-- Default suite -->
</testng-results>
