<?xml version="1.0" encoding="UTF-8"?>
<testng-results ignored="0" total="1" passed="1" failed="0" skipped="0">
  <reporter-output>
  </reporter-output>
  <suite started-at="2025-10-29T17:54:14 EET" name="Default suite" finished-at="2025-10-29T17:54:19 EET" duration-ms="4617">
    <groups>
    </groups>
    <test started-at="2025-10-29T17:54:14 EET" name="Default test" finished-at="2025-10-29T17:54:19 EET" duration-ms="4617">
      <class name="tests.A23_ModalWindowsExample_spec">
        <test-method is-config="true" signature="setUp()[pri:0, instance:tests.A23_ModalWindowsExample_spec@2aceadd4]" started-at="2025-10-29T17:54:14 EET" name="setUp" finished-at="2025-10-29T17:54:15 EET" duration-ms="1139" status="PASS">
          <reporter-output>
          </reporter-output>
        </test-method> <!-- setUp -->
        <test-method signature="modalWindowsExample()[pri:0, instance:tests.A23_ModalWindowsExample_spec@2aceadd4]" started-at="2025-10-29T17:54:16 EET" name="modalWindowsExample" finished-at="2025-10-29T17:54:19 EET" duration-ms="3284" status="PASS">
          <reporter-output>
          </reporter-output>
        </test-method> <!-- modalWindowsExample -->
        <test-method is-config="true" signature="afterClass()[pri:0, instance:tests.A23_ModalWindowsExample_spec@2aceadd4]" started-at="2025-10-29T17:54:19 EET" name="afterClass" finished-at="2025-10-29T17:54:19 EET" duration-ms="166" status="PASS">
          <reporter-output>
          </reporter-output>
        </test-method> <!-- afterClass -->
      </class> <!-- tests.A23_ModalWindowsExample_spec -->
    </test> <!-- Default test -->
  </suite> <!-- Default suite -->
</testng-results>
